0 info it worked if it ends with ok
1 verbose cli [ 'node', '/usr/local/bin/npm', 'install', '--save', 'lodash' ]
2 info using npm@1.4.28
3 info using node@v0.10.33
4 verbose readDependencies using package.json deps
5 verbose cache add [ 'lodash', null ]
6 verbose cache add name=undefined spec="lodash" args=["lodash",null]
7 verbose parsed url { protocol: null,
7 verbose parsed url   slashes: null,
7 verbose parsed url   auth: null,
7 verbose parsed url   host: null,
7 verbose parsed url   port: null,
7 verbose parsed url   hostname: null,
7 verbose parsed url   hash: null,
7 verbose parsed url   search: null,
7 verbose parsed url   query: null,
7 verbose parsed url   pathname: 'lodash',
7 verbose parsed url   path: 'lodash',
7 verbose parsed url   href: 'lodash' }
8 silly lockFile 901466a5-lodash lodash
9 verbose lock lodash /Users/theophilehemachandra/.npm/901466a5-lodash.lock
10 silly lockFile 901466a5-lodash lodash
11 silly lockFile 901466a5-lodash lodash
12 verbose addNamed [ 'lodash', '' ]
13 verbose addNamed [ null, '*' ]
14 silly lockFile f856e425-lodash lodash@
15 verbose lock lodash@ /Users/theophilehemachandra/.npm/f856e425-lodash.lock
16 silly addNameRange { name: 'lodash', range: '*', hasData: false }
17 verbose request where is /lodash
18 verbose request registry https://registry.npmjs.org/
19 verbose request id 8414024cd0539aca
20 verbose url raw /lodash
21 verbose url resolving [ 'https://registry.npmjs.org/', './lodash' ]
22 verbose url resolved https://registry.npmjs.org/lodash
23 verbose request where is https://registry.npmjs.org/lodash
24 info trying registry request attempt 1 at 13:04:02
25 verbose etag "343988G0YHQMQVDAM3ZXNVUTP"
26 http GET https://registry.npmjs.org/lodash
27 http 200 https://registry.npmjs.org/lodash
28 silly registry.get cb [ 200,
28 silly registry.get   { server: 'CouchDB/1.5.0 (Erlang OTP/R16B03)',
28 silly registry.get     etag: '"EF37UA8IRDQWSH3A7PBDAY5EB"',
28 silly registry.get     'content-type': 'application/json',
28 silly registry.get     'cache-control': 'max-age=60',
28 silly registry.get     'content-length': '106556',
28 silly registry.get     'accept-ranges': 'bytes',
28 silly registry.get     date: 'Wed, 01 Jul 2015 11:03:59 GMT',
28 silly registry.get     via: '1.1 varnish',
28 silly registry.get     age: '20',
28 silly registry.get     connection: 'keep-alive',
28 silly registry.get     'x-served-by': 'cache-lhr6335-LHR',
28 silly registry.get     'x-cache': 'HIT',
28 silly registry.get     'x-cache-hits': '3',
28 silly registry.get     'x-timer': 'S1435748639.974554,VS0,VE0',
28 silly registry.get     vary: 'Accept' } ]
29 silly addNameRange number 2 { name: 'lodash', range: '*', hasData: true }
30 silly addNameRange versions [ 'lodash',
30 silly addNameRange   [ '0.1.0',
30 silly addNameRange     '0.2.0',
30 silly addNameRange     '0.2.1',
30 silly addNameRange     '0.2.2',
30 silly addNameRange     '0.3.0',
30 silly addNameRange     '0.3.1',
30 silly addNameRange     '0.3.2',
30 silly addNameRange     '0.4.0',
30 silly addNameRange     '0.4.1',
30 silly addNameRange     '0.4.2',
30 silly addNameRange     '0.5.0-rc.1',
30 silly addNameRange     '0.5.0',
30 silly addNameRange     '0.5.1',
30 silly addNameRange     '0.5.2',
30 silly addNameRange     '0.6.0',
30 silly addNameRange     '0.6.1',
30 silly addNameRange     '0.7.0',
30 silly addNameRange     '0.8.0',
30 silly addNameRange     '0.8.1',
30 silly addNameRange     '0.8.2',
30 silly addNameRange     '0.9.0',
30 silly addNameRange     '0.9.1',
30 silly addNameRange     '0.9.2',
30 silly addNameRange     '0.10.0',
30 silly addNameRange     '1.0.0-rc.1',
30 silly addNameRange     '1.0.0-rc.2',
30 silly addNameRange     '1.0.0-rc.3',
30 silly addNameRange     '1.0.0',
30 silly addNameRange     '1.0.1',
30 silly addNameRange     '1.1.0',
30 silly addNameRange     '1.1.1',
30 silly addNameRange     '1.2.0',
30 silly addNameRange     '1.2.1',
30 silly addNameRange     '1.3.0',
30 silly addNameRange     '1.3.1',
30 silly addNameRange     '2.0.0',
30 silly addNameRange     '2.1.0',
30 silly addNameRange     '2.2.0',
30 silly addNameRange     '2.2.1',
30 silly addNameRange     '2.3.0',
30 silly addNameRange     '2.4.0',
30 silly addNameRange     '2.4.1',
30 silly addNameRange     '3.0.0',
30 silly addNameRange     '3.0.1',
30 silly addNameRange     '3.1.0',
30 silly addNameRange     '3.2.0',
30 silly addNameRange     '3.3.0',
30 silly addNameRange     '3.3.1',
30 silly addNameRange     '3.4.0',
30 silly addNameRange     '3.5.0',
30 silly addNameRange     '3.6.0',
30 silly addNameRange     '1.0.2',
30 silly addNameRange     '3.7.0',
30 silly addNameRange     '2.4.2',
30 silly addNameRange     '3.8.0',
30 silly addNameRange     '3.9.0',
30 silly addNameRange     '3.9.1',
30 silly addNameRange     '3.9.2',
30 silly addNameRange     '3.9.3',
30 silly addNameRange     '3.10.0' ] ]
31 verbose addNamed [ 'lodash', '3.10.0' ]
32 verbose addNamed [ '3.10.0', '3.10.0' ]
33 silly lockFile d7a14456-lodash-3-10-0 lodash@3.10.0
34 verbose lock lodash@3.10.0 /Users/theophilehemachandra/.npm/d7a14456-lodash-3-10-0.lock
35 silly lockFile fed973e3-mjs-org-lodash-lodash-3-10-0-tgz https://registry.npmjs.org/lodash/-/lodash-3.10.0.tgz
36 verbose lock https://registry.npmjs.org/lodash/-/lodash-3.10.0.tgz /Users/theophilehemachandra/.npm/fed973e3-mjs-org-lodash-lodash-3-10-0-tgz.lock
37 verbose addRemoteTarball [ 'https://registry.npmjs.org/lodash/-/lodash-3.10.0.tgz',
37 verbose addRemoteTarball   '93d51c672828a4416a12af57220ba8a8737e2fbb' ]
38 info retry fetch attempt 1 at 13:04:02
39 verbose fetch to= /var/folders/9m/2y9ypxc518g66kk1624j6nm00000gn/T/npm-2212-D6KUdGnc/registry.npmjs.org/lodash/-/lodash-3.10.0.tgz
40 http GET https://registry.npmjs.org/lodash/-/lodash-3.10.0.tgz
41 http 200 https://registry.npmjs.org/lodash/-/lodash-3.10.0.tgz
42 silly lockFile fed973e3-mjs-org-lodash-lodash-3-10-0-tgz https://registry.npmjs.org/lodash/-/lodash-3.10.0.tgz
43 silly lockFile fed973e3-mjs-org-lodash-lodash-3-10-0-tgz https://registry.npmjs.org/lodash/-/lodash-3.10.0.tgz
44 silly lockFile d7a14456-lodash-3-10-0 lodash@3.10.0
45 silly lockFile d7a14456-lodash-3-10-0 lodash@3.10.0
46 silly lockFile f856e425-lodash lodash@
47 silly lockFile f856e425-lodash lodash@
48 error Error: EACCES, mkdir '/Users/theophilehemachandra/.npm/lodash/3.10.0'
48 error  { [Error: EACCES, mkdir '/Users/theophilehemachandra/.npm/lodash/3.10.0']
48 error   errno: 3,
48 error   code: 'EACCES',
48 error   path: '/Users/theophilehemachandra/.npm/lodash/3.10.0',
48 error   parent: 'fdj' }
49 error Please try running this command again as root/Administrator.
50 error System Darwin 14.3.0
51 error command "node" "/usr/local/bin/npm" "install" "--save" "lodash"
52 error cwd /Users/theophilehemachandra/Documents/mean-blog
53 error node -v v0.10.33
54 error npm -v 1.4.28
55 error path /Users/theophilehemachandra/.npm/lodash/3.10.0
56 error code EACCES
57 error errno 3
58 error stack Error: EACCES, mkdir '/Users/theophilehemachandra/.npm/lodash/3.10.0'
59 verbose exit [ 3, true ]
